{
  "stats": {
    "suites": 19,
    "tests": 52,
    "passes": 52,
    "pending": 0,
    "failures": 0,
    "start": "2025-04-17T17:19:55.965Z",
    "end": "2025-04-17T17:19:55.984Z",
    "duration": 19,
    "testsRegistered": 52,
    "passPercent": 100,
    "pendingPercent": 0,
    "other": 0,
    "hasOther": false,
    "skipped": 0,
    "hasSkipped": false
  },
  "results": [
    {
      "uuid": "e7f54c85-f197-4af2-a881-eb7365b99f89",
      "title": "",
      "fullFile": "",
      "file": "",
      "beforeHooks": [],
      "afterHooks": [],
      "tests": [],
      "suites": [
        {
          "uuid": "74a857cc-87a9-4e7c-9fbe-7912d1aef7cb",
          "title": "Array Utils",
          "fullFile": "/Users/sofya/Desktop/all/auto-testing/auto-testing-repo/test/arrayUtils.test.js",
          "file": "/test/arrayUtils.test.js",
          "beforeHooks": [],
          "afterHooks": [],
          "tests": [],
          "suites": [
            {
              "uuid": "bb9770d1-d5c9-420a-b943-096a5f4cf151",
              "title": "findMax",
              "fullFile": "/Users/sofya/Desktop/all/auto-testing/auto-testing-repo/test/arrayUtils.test.js",
              "file": "/test/arrayUtils.test.js",
              "beforeHooks": [],
              "afterHooks": [],
              "tests": [
                {
                  "title": "should return the max value from the array",
                  "fullTitle": "Array Utils findMax should return the max value from the array",
                  "timedOut": false,
                  "duration": 0,
                  "state": "passed",
                  "speed": "fast",
                  "pass": true,
                  "fail": false,
                  "pending": false,
                  "context": null,
                  "code": "const result = findMax([1, 2, 3, 4, 5]);\nexpect(result).to.equal(5);",
                  "err": {},
                  "uuid": "862377b7-7331-4e2a-8b24-3399983a8512",
                  "parentUUID": "bb9770d1-d5c9-420a-b943-096a5f4cf151",
                  "isHook": false,
                  "skipped": false
                },
                {
                  "title": "should throw an error if input is not an array",
                  "fullTitle": "Array Utils findMax should throw an error if input is not an array",
                  "timedOut": false,
                  "duration": 0,
                  "state": "passed",
                  "speed": "fast",
                  "pass": true,
                  "fail": false,
                  "pending": false,
                  "context": null,
                  "code": "expect(() => findMax('not an array')).to.throw('Input must be an array');",
                  "err": {},
                  "uuid": "71eecf1c-5a61-4dd4-8264-58a1b41d321b",
                  "parentUUID": "bb9770d1-d5c9-420a-b943-096a5f4cf151",
                  "isHook": false,
                  "skipped": false
                },
                {
                  "title": "should return -1 for an array with negative numbers",
                  "fullTitle": "Array Utils findMax should return -1 for an array with negative numbers",
                  "timedOut": false,
                  "duration": 0,
                  "state": "passed",
                  "speed": "fast",
                  "pass": true,
                  "fail": false,
                  "pending": false,
                  "context": null,
                  "code": "const result = findMax([-1, -2, -3, -4]);\nexpect(result).to.equal(-1);",
                  "err": {},
                  "uuid": "67b9b0fa-9fdf-49c3-860c-111a9c1b0b86",
                  "parentUUID": "bb9770d1-d5c9-420a-b943-096a5f4cf151",
                  "isHook": false,
                  "skipped": false
                }
              ],
              "suites": [],
              "passes": [
                "862377b7-7331-4e2a-8b24-3399983a8512",
                "71eecf1c-5a61-4dd4-8264-58a1b41d321b",
                "67b9b0fa-9fdf-49c3-860c-111a9c1b0b86"
              ],
              "failures": [],
              "pending": [],
              "skipped": [],
              "duration": 0,
              "root": false,
              "rootEmpty": false,
              "_timeout": 2000
            },
            {
              "uuid": "77bb7877-06f6-4fef-a308-6c2f7c639d58",
              "title": "findMin",
              "fullFile": "/Users/sofya/Desktop/all/auto-testing/auto-testing-repo/test/arrayUtils.test.js",
              "file": "/test/arrayUtils.test.js",
              "beforeHooks": [],
              "afterHooks": [],
              "tests": [
                {
                  "title": "should return the min value from the array",
                  "fullTitle": "Array Utils findMin should return the min value from the array",
                  "timedOut": false,
                  "duration": 0,
                  "state": "passed",
                  "speed": "fast",
                  "pass": true,
                  "fail": false,
                  "pending": false,
                  "context": null,
                  "code": "const result = findMin([1, 2, 3, 4, 5]);\nexpect(result).to.equal(1);",
                  "err": {},
                  "uuid": "59746308-6579-45e4-a95d-bd930ade285a",
                  "parentUUID": "77bb7877-06f6-4fef-a308-6c2f7c639d58",
                  "isHook": false,
                  "skipped": false
                },
                {
                  "title": "should throw an error if input is not an array",
                  "fullTitle": "Array Utils findMin should throw an error if input is not an array",
                  "timedOut": false,
                  "duration": 0,
                  "state": "passed",
                  "speed": "fast",
                  "pass": true,
                  "fail": false,
                  "pending": false,
                  "context": null,
                  "code": "expect(() => findMin('not an array')).to.throw('Input must be an array');",
                  "err": {},
                  "uuid": "f506b500-a664-48f6-b87b-041ccaf41e6a",
                  "parentUUID": "77bb7877-06f6-4fef-a308-6c2f7c639d58",
                  "isHook": false,
                  "skipped": false
                },
                {
                  "title": "should return -4 for an array with negative numbers",
                  "fullTitle": "Array Utils findMin should return -4 for an array with negative numbers",
                  "timedOut": false,
                  "duration": 0,
                  "state": "passed",
                  "speed": "fast",
                  "pass": true,
                  "fail": false,
                  "pending": false,
                  "context": null,
                  "code": "const result = findMin([-1, -2, -3, -4]);\nexpect(result).to.equal(-4);",
                  "err": {},
                  "uuid": "469164ab-80ca-4e7f-b37a-38f672220c24",
                  "parentUUID": "77bb7877-06f6-4fef-a308-6c2f7c639d58",
                  "isHook": false,
                  "skipped": false
                }
              ],
              "suites": [],
              "passes": [
                "59746308-6579-45e4-a95d-bd930ade285a",
                "f506b500-a664-48f6-b87b-041ccaf41e6a",
                "469164ab-80ca-4e7f-b37a-38f672220c24"
              ],
              "failures": [],
              "pending": [],
              "skipped": [],
              "duration": 0,
              "root": false,
              "rootEmpty": false,
              "_timeout": 2000
            },
            {
              "uuid": "4d2cce0d-4a05-42ae-9986-3f2f71a2ebf4",
              "title": "removeDuplicates",
              "fullFile": "/Users/sofya/Desktop/all/auto-testing/auto-testing-repo/test/arrayUtils.test.js",
              "file": "/test/arrayUtils.test.js",
              "beforeHooks": [],
              "afterHooks": [],
              "tests": [
                {
                  "title": "should remove duplicate values from the array",
                  "fullTitle": "Array Utils removeDuplicates should remove duplicate values from the array",
                  "timedOut": false,
                  "duration": 0,
                  "state": "passed",
                  "speed": "fast",
                  "pass": true,
                  "fail": false,
                  "pending": false,
                  "context": null,
                  "code": "const result = removeDuplicates([1, 2, 2, 3, 4, 4, 5]);\nexpect(result).to.deep.equal([1, 2, 3, 4, 5]);",
                  "err": {},
                  "uuid": "9f27c694-c741-4120-9a41-42c8248cdc89",
                  "parentUUID": "4d2cce0d-4a05-42ae-9986-3f2f71a2ebf4",
                  "isHook": false,
                  "skipped": false
                },
                {
                  "title": "should throw an error if input is not an array",
                  "fullTitle": "Array Utils removeDuplicates should throw an error if input is not an array",
                  "timedOut": false,
                  "duration": 0,
                  "state": "passed",
                  "speed": "fast",
                  "pass": true,
                  "fail": false,
                  "pending": false,
                  "context": null,
                  "code": "expect(() => removeDuplicates('not an array')).to.throw('Input must be an array');",
                  "err": {},
                  "uuid": "9470bac5-a41f-4b2a-b5eb-1472203b64b1",
                  "parentUUID": "4d2cce0d-4a05-42ae-9986-3f2f71a2ebf4",
                  "isHook": false,
                  "skipped": false
                },
                {
                  "title": "should return an empty array when input is an empty array",
                  "fullTitle": "Array Utils removeDuplicates should return an empty array when input is an empty array",
                  "timedOut": false,
                  "duration": 0,
                  "state": "passed",
                  "speed": "fast",
                  "pass": true,
                  "fail": false,
                  "pending": false,
                  "context": null,
                  "code": "const result = removeDuplicates([]);\nexpect(result).to.deep.equal([]);",
                  "err": {},
                  "uuid": "1a5fdd91-6856-48f9-a73c-2b53cc4f25a6",
                  "parentUUID": "4d2cce0d-4a05-42ae-9986-3f2f71a2ebf4",
                  "isHook": false,
                  "skipped": false
                }
              ],
              "suites": [],
              "passes": [
                "9f27c694-c741-4120-9a41-42c8248cdc89",
                "9470bac5-a41f-4b2a-b5eb-1472203b64b1",
                "1a5fdd91-6856-48f9-a73c-2b53cc4f25a6"
              ],
              "failures": [],
              "pending": [],
              "skipped": [],
              "duration": 0,
              "root": false,
              "rootEmpty": false,
              "_timeout": 2000
            }
          ],
          "passes": [],
          "failures": [],
          "pending": [],
          "skipped": [],
          "duration": 0,
          "root": false,
          "rootEmpty": false,
          "_timeout": 2000
        },
        {
          "uuid": "3dc0354c-3984-4d5e-93ac-03c863cda58a",
          "title": "Math Utils",
          "fullFile": "/Users/sofya/Desktop/all/auto-testing/auto-testing-repo/test/mathUtils.test.js",
          "file": "/test/mathUtils.test.js",
          "beforeHooks": [],
          "afterHooks": [],
          "tests": [],
          "suites": [
            {
              "uuid": "f37afa3f-ae40-471a-a74c-700ff2d80ae4",
              "title": "add",
              "fullFile": "/Users/sofya/Desktop/all/auto-testing/auto-testing-repo/test/mathUtils.test.js",
              "file": "/test/mathUtils.test.js",
              "beforeHooks": [],
              "afterHooks": [],
              "tests": [
                {
                  "title": "should add two positive numbers",
                  "fullTitle": "Math Utils add should add two positive numbers",
                  "timedOut": false,
                  "duration": 0,
                  "state": "passed",
                  "speed": "fast",
                  "pass": true,
                  "fail": false,
                  "pending": false,
                  "context": null,
                  "code": "const result = add(2, 3);\nexpect(result).to.equal(5);",
                  "err": {},
                  "uuid": "def38b31-0b77-47d3-bcde-bf7f7978afd3",
                  "parentUUID": "f37afa3f-ae40-471a-a74c-700ff2d80ae4",
                  "isHook": false,
                  "skipped": false
                },
                {
                  "title": "should add two negative numbers",
                  "fullTitle": "Math Utils add should add two negative numbers",
                  "timedOut": false,
                  "duration": 0,
                  "state": "passed",
                  "speed": "fast",
                  "pass": true,
                  "fail": false,
                  "pending": false,
                  "context": null,
                  "code": "const result = add(-2, -3);\nexpect(result).to.equal(-5);",
                  "err": {},
                  "uuid": "b3b86d07-c411-42a3-a337-6b3906002b53",
                  "parentUUID": "f37afa3f-ae40-471a-a74c-700ff2d80ae4",
                  "isHook": false,
                  "skipped": false
                },
                {
                  "title": "should add a positive and a negative number",
                  "fullTitle": "Math Utils add should add a positive and a negative number",
                  "timedOut": false,
                  "duration": 0,
                  "state": "passed",
                  "speed": "fast",
                  "pass": true,
                  "fail": false,
                  "pending": false,
                  "context": null,
                  "code": "const result = add(5, -3);\nexpect(result).to.equal(2);",
                  "err": {},
                  "uuid": "e1898af3-032f-462c-bc32-483d06e034a2",
                  "parentUUID": "f37afa3f-ae40-471a-a74c-700ff2d80ae4",
                  "isHook": false,
                  "skipped": false
                }
              ],
              "suites": [],
              "passes": [
                "def38b31-0b77-47d3-bcde-bf7f7978afd3",
                "b3b86d07-c411-42a3-a337-6b3906002b53",
                "e1898af3-032f-462c-bc32-483d06e034a2"
              ],
              "failures": [],
              "pending": [],
              "skipped": [],
              "duration": 0,
              "root": false,
              "rootEmpty": false,
              "_timeout": 2000
            },
            {
              "uuid": "f6729a12-b22d-4f70-bca3-a3d9132c5005",
              "title": "subtract",
              "fullFile": "/Users/sofya/Desktop/all/auto-testing/auto-testing-repo/test/mathUtils.test.js",
              "file": "/test/mathUtils.test.js",
              "beforeHooks": [],
              "afterHooks": [],
              "tests": [
                {
                  "title": "should subtract two numbers",
                  "fullTitle": "Math Utils subtract should subtract two numbers",
                  "timedOut": false,
                  "duration": 0,
                  "state": "passed",
                  "speed": "fast",
                  "pass": true,
                  "fail": false,
                  "pending": false,
                  "context": null,
                  "code": "const result = subtract(5, 3);\nexpect(result).to.equal(2);",
                  "err": {},
                  "uuid": "5c988f97-76a2-418e-bb2d-d1bf65c85140",
                  "parentUUID": "f6729a12-b22d-4f70-bca3-a3d9132c5005",
                  "isHook": false,
                  "skipped": false
                },
                {
                  "title": "should subtract negative numbers",
                  "fullTitle": "Math Utils subtract should subtract negative numbers",
                  "timedOut": false,
                  "duration": 0,
                  "state": "passed",
                  "speed": "fast",
                  "pass": true,
                  "fail": false,
                  "pending": false,
                  "context": null,
                  "code": "const result = subtract(-2, -3);\nexpect(result).to.equal(1);",
                  "err": {},
                  "uuid": "ce6fe8e2-e6dc-49b2-a1b7-854454b32b0b",
                  "parentUUID": "f6729a12-b22d-4f70-bca3-a3d9132c5005",
                  "isHook": false,
                  "skipped": false
                },
                {
                  "title": "should subtract a negative number from a positive number",
                  "fullTitle": "Math Utils subtract should subtract a negative number from a positive number",
                  "timedOut": false,
                  "duration": 0,
                  "state": "passed",
                  "speed": "fast",
                  "pass": true,
                  "fail": false,
                  "pending": false,
                  "context": null,
                  "code": "const result = subtract(5, -3);\nexpect(result).to.equal(8);",
                  "err": {},
                  "uuid": "49633bc2-de50-4aeb-af04-eb0df583c2ef",
                  "parentUUID": "f6729a12-b22d-4f70-bca3-a3d9132c5005",
                  "isHook": false,
                  "skipped": false
                }
              ],
              "suites": [],
              "passes": [
                "5c988f97-76a2-418e-bb2d-d1bf65c85140",
                "ce6fe8e2-e6dc-49b2-a1b7-854454b32b0b",
                "49633bc2-de50-4aeb-af04-eb0df583c2ef"
              ],
              "failures": [],
              "pending": [],
              "skipped": [],
              "duration": 0,
              "root": false,
              "rootEmpty": false,
              "_timeout": 2000
            },
            {
              "uuid": "468b4d32-9b8e-4b21-b5b6-91cd73e744e6",
              "title": "multiply",
              "fullFile": "/Users/sofya/Desktop/all/auto-testing/auto-testing-repo/test/mathUtils.test.js",
              "file": "/test/mathUtils.test.js",
              "beforeHooks": [],
              "afterHooks": [],
              "tests": [
                {
                  "title": "should multiply two numbers",
                  "fullTitle": "Math Utils multiply should multiply two numbers",
                  "timedOut": false,
                  "duration": 0,
                  "state": "passed",
                  "speed": "fast",
                  "pass": true,
                  "fail": false,
                  "pending": false,
                  "context": null,
                  "code": "const result = multiply(2, 3);\nexpect(result).to.equal(6);",
                  "err": {},
                  "uuid": "73e2f81c-83b3-48a8-ad14-93fa34ba11e1",
                  "parentUUID": "468b4d32-9b8e-4b21-b5b6-91cd73e744e6",
                  "isHook": false,
                  "skipped": false
                },
                {
                  "title": "should multiply a positive number by a negative number",
                  "fullTitle": "Math Utils multiply should multiply a positive number by a negative number",
                  "timedOut": false,
                  "duration": 0,
                  "state": "passed",
                  "speed": "fast",
                  "pass": true,
                  "fail": false,
                  "pending": false,
                  "context": null,
                  "code": "const result = multiply(2, -3);\nexpect(result).to.equal(-6);",
                  "err": {},
                  "uuid": "46fc2011-b80e-48b1-91fa-4c90522ce033",
                  "parentUUID": "468b4d32-9b8e-4b21-b5b6-91cd73e744e6",
                  "isHook": false,
                  "skipped": false
                },
                {
                  "title": "should multiply two negative numbers",
                  "fullTitle": "Math Utils multiply should multiply two negative numbers",
                  "timedOut": false,
                  "duration": 0,
                  "state": "passed",
                  "speed": "fast",
                  "pass": true,
                  "fail": false,
                  "pending": false,
                  "context": null,
                  "code": "const result = multiply(-2, -3);\nexpect(result).to.equal(6);",
                  "err": {},
                  "uuid": "136f2da4-ae09-4c35-8c18-6688d1b10b63",
                  "parentUUID": "468b4d32-9b8e-4b21-b5b6-91cd73e744e6",
                  "isHook": false,
                  "skipped": false
                },
                {
                  "title": "should return 0 when multiplying by 0",
                  "fullTitle": "Math Utils multiply should return 0 when multiplying by 0",
                  "timedOut": false,
                  "duration": 0,
                  "state": "passed",
                  "speed": "fast",
                  "pass": true,
                  "fail": false,
                  "pending": false,
                  "context": null,
                  "code": "const result = multiply(5, 0);\nexpect(result).to.equal(0);",
                  "err": {},
                  "uuid": "55bd0bc9-3e15-4d94-b54f-93d119688d48",
                  "parentUUID": "468b4d32-9b8e-4b21-b5b6-91cd73e744e6",
                  "isHook": false,
                  "skipped": false
                }
              ],
              "suites": [],
              "passes": [
                "73e2f81c-83b3-48a8-ad14-93fa34ba11e1",
                "46fc2011-b80e-48b1-91fa-4c90522ce033",
                "136f2da4-ae09-4c35-8c18-6688d1b10b63",
                "55bd0bc9-3e15-4d94-b54f-93d119688d48"
              ],
              "failures": [],
              "pending": [],
              "skipped": [],
              "duration": 0,
              "root": false,
              "rootEmpty": false,
              "_timeout": 2000
            },
            {
              "uuid": "2f0735f6-89b7-4d52-bfea-b266117f9f5e",
              "title": "divide",
              "fullFile": "/Users/sofya/Desktop/all/auto-testing/auto-testing-repo/test/mathUtils.test.js",
              "file": "/test/mathUtils.test.js",
              "beforeHooks": [],
              "afterHooks": [],
              "tests": [
                {
                  "title": "should divide two numbers",
                  "fullTitle": "Math Utils divide should divide two numbers",
                  "timedOut": false,
                  "duration": 0,
                  "state": "passed",
                  "speed": "fast",
                  "pass": true,
                  "fail": false,
                  "pending": false,
                  "context": null,
                  "code": "const result = divide(6, 2);\nexpect(result).to.equal(3);",
                  "err": {},
                  "uuid": "855e2231-3a1f-4372-a21a-87ad31fa73b2",
                  "parentUUID": "2f0735f6-89b7-4d52-bfea-b266117f9f5e",
                  "isHook": false,
                  "skipped": false
                },
                {
                  "title": "should divide a positive number by a negative number",
                  "fullTitle": "Math Utils divide should divide a positive number by a negative number",
                  "timedOut": false,
                  "duration": 0,
                  "state": "passed",
                  "speed": "fast",
                  "pass": true,
                  "fail": false,
                  "pending": false,
                  "context": null,
                  "code": "const result = divide(6, -2);\nexpect(result).to.equal(-3);",
                  "err": {},
                  "uuid": "561d0115-66da-499f-a080-be44d2b5b10c",
                  "parentUUID": "2f0735f6-89b7-4d52-bfea-b266117f9f5e",
                  "isHook": false,
                  "skipped": false
                },
                {
                  "title": "should divide two negative numbers",
                  "fullTitle": "Math Utils divide should divide two negative numbers",
                  "timedOut": false,
                  "duration": 0,
                  "state": "passed",
                  "speed": "fast",
                  "pass": true,
                  "fail": false,
                  "pending": false,
                  "context": null,
                  "code": "const result = divide(-6, -2);\nexpect(result).to.equal(3);",
                  "err": {},
                  "uuid": "3fee5a7d-a53d-45f5-b35d-2ba0a6dba848",
                  "parentUUID": "2f0735f6-89b7-4d52-bfea-b266117f9f5e",
                  "isHook": false,
                  "skipped": false
                },
                {
                  "title": "should throw an error when dividing by 0",
                  "fullTitle": "Math Utils divide should throw an error when dividing by 0",
                  "timedOut": false,
                  "duration": 0,
                  "state": "passed",
                  "speed": "fast",
                  "pass": true,
                  "fail": false,
                  "pending": false,
                  "context": null,
                  "code": "expect(() => divide(6, 0)).to.throw('Cannot divide by zero');",
                  "err": {},
                  "uuid": "0d3c0214-f60a-4570-91c6-ed84e9be5c34",
                  "parentUUID": "2f0735f6-89b7-4d52-bfea-b266117f9f5e",
                  "isHook": false,
                  "skipped": false
                }
              ],
              "suites": [],
              "passes": [
                "855e2231-3a1f-4372-a21a-87ad31fa73b2",
                "561d0115-66da-499f-a080-be44d2b5b10c",
                "3fee5a7d-a53d-45f5-b35d-2ba0a6dba848",
                "0d3c0214-f60a-4570-91c6-ed84e9be5c34"
              ],
              "failures": [],
              "pending": [],
              "skipped": [],
              "duration": 0,
              "root": false,
              "rootEmpty": false,
              "_timeout": 2000
            }
          ],
          "passes": [],
          "failures": [],
          "pending": [],
          "skipped": [],
          "duration": 0,
          "root": false,
          "rootEmpty": false,
          "_timeout": 2000
        },
        {
          "uuid": "0894e57c-c860-4818-b023-8e715e306b6d",
          "title": "String Utils",
          "fullFile": "/Users/sofya/Desktop/all/auto-testing/auto-testing-repo/test/stringUtils.test.js",
          "file": "/test/stringUtils.test.js",
          "beforeHooks": [],
          "afterHooks": [],
          "tests": [],
          "suites": [
            {
              "uuid": "4c274579-b33b-4bee-a7dc-db961db72973",
              "title": "capitalize",
              "fullFile": "/Users/sofya/Desktop/all/auto-testing/auto-testing-repo/test/stringUtils.test.js",
              "file": "/test/stringUtils.test.js",
              "beforeHooks": [],
              "afterHooks": [],
              "tests": [
                {
                  "title": "should capitalize the first letter of a word in lowercase",
                  "fullTitle": "String Utils capitalize should capitalize the first letter of a word in lowercase",
                  "timedOut": false,
                  "duration": 0,
                  "state": "passed",
                  "speed": "fast",
                  "pass": true,
                  "fail": false,
                  "pending": false,
                  "context": null,
                  "code": "const result = capitalize('hello');\nexpect(result).to.equal('Hello');",
                  "err": {},
                  "uuid": "7c3083ab-9115-471b-ac1a-0184a9c8785e",
                  "parentUUID": "4c274579-b33b-4bee-a7dc-db961db72973",
                  "isHook": false,
                  "skipped": false
                },
                {
                  "title": "should return the same string if first letter is capitalized",
                  "fullTitle": "String Utils capitalize should return the same string if first letter is capitalized",
                  "timedOut": false,
                  "duration": 0,
                  "state": "passed",
                  "speed": "fast",
                  "pass": true,
                  "fail": false,
                  "pending": false,
                  "context": null,
                  "code": "const result = capitalize('Hello');\nexpect(result).to.equal('Hello');",
                  "err": {},
                  "uuid": "21888c42-4789-47ab-8fd6-514f1e6cd763",
                  "parentUUID": "4c274579-b33b-4bee-a7dc-db961db72973",
                  "isHook": false,
                  "skipped": false
                },
                {
                  "title": "should return an empty string if input is an empty string",
                  "fullTitle": "String Utils capitalize should return an empty string if input is an empty string",
                  "timedOut": false,
                  "duration": 0,
                  "state": "passed",
                  "speed": "fast",
                  "pass": true,
                  "fail": false,
                  "pending": false,
                  "context": null,
                  "code": "const result = capitalize('');\nexpect(result).to.equal('');",
                  "err": {},
                  "uuid": "94770188-4b63-4547-84e6-91ca609e2bb4",
                  "parentUUID": "4c274579-b33b-4bee-a7dc-db961db72973",
                  "isHook": false,
                  "skipped": false
                },
                {
                  "title": "should throw an error if input is not a string",
                  "fullTitle": "String Utils capitalize should throw an error if input is not a string",
                  "timedOut": false,
                  "duration": 0,
                  "state": "passed",
                  "speed": "fast",
                  "pass": true,
                  "fail": false,
                  "pending": false,
                  "context": null,
                  "code": "expect(() => capitalize(123)).to.throw('Input must be a string');",
                  "err": {},
                  "uuid": "8300c172-7378-4e31-8840-d0aaa08d5881",
                  "parentUUID": "4c274579-b33b-4bee-a7dc-db961db72973",
                  "isHook": false,
                  "skipped": false
                }
              ],
              "suites": [],
              "passes": [
                "7c3083ab-9115-471b-ac1a-0184a9c8785e",
                "21888c42-4789-47ab-8fd6-514f1e6cd763",
                "94770188-4b63-4547-84e6-91ca609e2bb4",
                "8300c172-7378-4e31-8840-d0aaa08d5881"
              ],
              "failures": [],
              "pending": [],
              "skipped": [],
              "duration": 0,
              "root": false,
              "rootEmpty": false,
              "_timeout": 2000
            },
            {
              "uuid": "1eeba73c-9d9f-43c2-8dcd-7f11b23e5a5f",
              "title": "reverseString",
              "fullFile": "/Users/sofya/Desktop/all/auto-testing/auto-testing-repo/test/stringUtils.test.js",
              "file": "/test/stringUtils.test.js",
              "beforeHooks": [],
              "afterHooks": [],
              "tests": [
                {
                  "title": "should reverse a string",
                  "fullTitle": "String Utils reverseString should reverse a string",
                  "timedOut": false,
                  "duration": 0,
                  "state": "passed",
                  "speed": "fast",
                  "pass": true,
                  "fail": false,
                  "pending": false,
                  "context": null,
                  "code": "const result = reverseString('abc');\nexpect(result).to.equal('cba');",
                  "err": {},
                  "uuid": "f578703b-0ed9-4006-8f75-8313407e3be4",
                  "parentUUID": "1eeba73c-9d9f-43c2-8dcd-7f11b23e5a5f",
                  "isHook": false,
                  "skipped": false
                },
                {
                  "title": "should return an empty string if input is an empty string",
                  "fullTitle": "String Utils reverseString should return an empty string if input is an empty string",
                  "timedOut": false,
                  "duration": 0,
                  "state": "passed",
                  "speed": "fast",
                  "pass": true,
                  "fail": false,
                  "pending": false,
                  "context": null,
                  "code": "const result = reverseString('');\nexpect(result).to.equal('');",
                  "err": {},
                  "uuid": "23524c51-23d0-4630-95ed-eb69ffdac995",
                  "parentUUID": "1eeba73c-9d9f-43c2-8dcd-7f11b23e5a5f",
                  "isHook": false,
                  "skipped": false
                },
                {
                  "title": "should reverse a string with spaces",
                  "fullTitle": "String Utils reverseString should reverse a string with spaces",
                  "timedOut": false,
                  "duration": 0,
                  "state": "passed",
                  "speed": "fast",
                  "pass": true,
                  "fail": false,
                  "pending": false,
                  "context": null,
                  "code": "const result = reverseString('hello world');\nexpect(result).to.equal('dlrow olleh');",
                  "err": {},
                  "uuid": "693ebc70-ed8a-4ec8-93eb-fd7cbad8d528",
                  "parentUUID": "1eeba73c-9d9f-43c2-8dcd-7f11b23e5a5f",
                  "isHook": false,
                  "skipped": false
                },
                {
                  "title": "should throw an error if input is not a string",
                  "fullTitle": "String Utils reverseString should throw an error if input is not a string",
                  "timedOut": false,
                  "duration": 1,
                  "state": "passed",
                  "speed": "fast",
                  "pass": true,
                  "fail": false,
                  "pending": false,
                  "context": null,
                  "code": "expect(() => reverseString(null)).to.throw('Input must be a string');",
                  "err": {},
                  "uuid": "6f124a69-dd7e-43d3-8632-16ee5e5032f0",
                  "parentUUID": "1eeba73c-9d9f-43c2-8dcd-7f11b23e5a5f",
                  "isHook": false,
                  "skipped": false
                }
              ],
              "suites": [],
              "passes": [
                "f578703b-0ed9-4006-8f75-8313407e3be4",
                "23524c51-23d0-4630-95ed-eb69ffdac995",
                "693ebc70-ed8a-4ec8-93eb-fd7cbad8d528",
                "6f124a69-dd7e-43d3-8632-16ee5e5032f0"
              ],
              "failures": [],
              "pending": [],
              "skipped": [],
              "duration": 1,
              "root": false,
              "rootEmpty": false,
              "_timeout": 2000
            },
            {
              "uuid": "8390d31f-6527-444f-9356-41a411c609d2",
              "title": "isPalindrome",
              "fullFile": "/Users/sofya/Desktop/all/auto-testing/auto-testing-repo/test/stringUtils.test.js",
              "file": "/test/stringUtils.test.js",
              "beforeHooks": [],
              "afterHooks": [],
              "tests": [
                {
                  "title": "should return true for a palindrome word",
                  "fullTitle": "String Utils isPalindrome should return true for a palindrome word",
                  "timedOut": false,
                  "duration": 0,
                  "state": "passed",
                  "speed": "fast",
                  "pass": true,
                  "fail": false,
                  "pending": false,
                  "context": null,
                  "code": "const result = isPalindrome('kayak');\nexpect(result).to.be.true;",
                  "err": {},
                  "uuid": "19e2618e-312f-4273-b817-88f75c2740f0",
                  "parentUUID": "8390d31f-6527-444f-9356-41a411c609d2",
                  "isHook": false,
                  "skipped": false
                },
                {
                  "title": "should return false for a non-palindrome word",
                  "fullTitle": "String Utils isPalindrome should return false for a non-palindrome word",
                  "timedOut": false,
                  "duration": 0,
                  "state": "passed",
                  "speed": "fast",
                  "pass": true,
                  "fail": false,
                  "pending": false,
                  "context": null,
                  "code": "const result = isPalindrome('hello');\nexpect(result).to.be.false;",
                  "err": {},
                  "uuid": "6c624726-3fc5-467a-8aa1-6310aa1df266",
                  "parentUUID": "8390d31f-6527-444f-9356-41a411c609d2",
                  "isHook": false,
                  "skipped": false
                },
                {
                  "title": "should return true for an empty string",
                  "fullTitle": "String Utils isPalindrome should return true for an empty string",
                  "timedOut": false,
                  "duration": 0,
                  "state": "passed",
                  "speed": "fast",
                  "pass": true,
                  "fail": false,
                  "pending": false,
                  "context": null,
                  "code": "const result = isPalindrome('');\nexpect(result).to.be.true;",
                  "err": {},
                  "uuid": "e871a87d-fb22-4174-96d4-d75029a32df9",
                  "parentUUID": "8390d31f-6527-444f-9356-41a411c609d2",
                  "isHook": false,
                  "skipped": false
                },
                {
                  "title": "should be case-sensitive",
                  "fullTitle": "String Utils isPalindrome should be case-sensitive",
                  "timedOut": false,
                  "duration": 0,
                  "state": "passed",
                  "speed": "fast",
                  "pass": true,
                  "fail": false,
                  "pending": false,
                  "context": null,
                  "code": "const result = isPalindrome('Kayak');\nexpect(result).to.be.false;",
                  "err": {},
                  "uuid": "39f4c5a3-74b1-4af8-baa2-c1ea643a12e5",
                  "parentUUID": "8390d31f-6527-444f-9356-41a411c609d2",
                  "isHook": false,
                  "skipped": false
                },
                {
                  "title": "should throw an error if input is not a string",
                  "fullTitle": "String Utils isPalindrome should throw an error if input is not a string",
                  "timedOut": false,
                  "duration": 0,
                  "state": "passed",
                  "speed": "fast",
                  "pass": true,
                  "fail": false,
                  "pending": false,
                  "context": null,
                  "code": "expect(() => isPalindrome(12321)).to.throw('Input must be a string');",
                  "err": {},
                  "uuid": "7ea714f9-b2fc-401b-92cd-3c984efa844d",
                  "parentUUID": "8390d31f-6527-444f-9356-41a411c609d2",
                  "isHook": false,
                  "skipped": false
                }
              ],
              "suites": [],
              "passes": [
                "19e2618e-312f-4273-b817-88f75c2740f0",
                "6c624726-3fc5-467a-8aa1-6310aa1df266",
                "e871a87d-fb22-4174-96d4-d75029a32df9",
                "39f4c5a3-74b1-4af8-baa2-c1ea643a12e5",
                "7ea714f9-b2fc-401b-92cd-3c984efa844d"
              ],
              "failures": [],
              "pending": [],
              "skipped": [],
              "duration": 0,
              "root": false,
              "rootEmpty": false,
              "_timeout": 2000
            }
          ],
          "passes": [],
          "failures": [],
          "pending": [],
          "skipped": [],
          "duration": 0,
          "root": false,
          "rootEmpty": false,
          "_timeout": 2000
        },
        {
          "uuid": "9b3862c1-08af-496b-b5af-33e331d4e474",
          "title": "checkStudentKnowledge",
          "fullFile": "/Users/sofya/Desktop/all/auto-testing/auto-testing-repo/test/studentKnowledgeCheckerUtil.test.js",
          "file": "/test/studentKnowledgeCheckerUtil.test.js",
          "beforeHooks": [],
          "afterHooks": [],
          "tests": [
            {
              "title": "should return true if all answers are correct",
              "fullTitle": "checkStudentKnowledge should return true if all answers are correct",
              "timedOut": false,
              "duration": 1,
              "state": "passed",
              "speed": "fast",
              "pass": true,
              "fail": false,
              "pending": false,
              "context": null,
              "code": "const studentAnswers = {\n  q1: 'a',\n  q2: 'b',\n  q3: 'c',\n};\nconst correctAnswers = {\n  q1: 'a',\n  q2: 'b',\n  q3: 'c',\n};\nexpect(checkStudentKnowledge(studentAnswers, correctAnswers)).to.be.true;",
              "err": {},
              "uuid": "2d7bcd0f-6768-4d01-891a-26e80082015b",
              "parentUUID": "9b3862c1-08af-496b-b5af-33e331d4e474",
              "isHook": false,
              "skipped": false
            },
            {
              "title": "should return false if at least one answer is incorrect",
              "fullTitle": "checkStudentKnowledge should return false if at least one answer is incorrect",
              "timedOut": false,
              "duration": 0,
              "state": "passed",
              "speed": "fast",
              "pass": true,
              "fail": false,
              "pending": false,
              "context": null,
              "code": "const studentAnswers = {\n  q1: 'a',\n  q2: 'x',\n  q3: 'c',\n};\nconst correctAnswers = {\n  q1: 'a',\n  q2: 'b',\n  q3: 'c',\n};\nexpect(checkStudentKnowledge(studentAnswers, correctAnswers)).to.be.false;",
              "err": {},
              "uuid": "a371d80b-6019-44c9-82ab-896cd8b1ea66",
              "parentUUID": "9b3862c1-08af-496b-b5af-33e331d4e474",
              "isHook": false,
              "skipped": false
            },
            {
              "title": "should return false if keys are in different order",
              "fullTitle": "checkStudentKnowledge should return false if keys are in different order",
              "timedOut": false,
              "duration": 0,
              "state": "passed",
              "speed": "fast",
              "pass": true,
              "fail": false,
              "pending": false,
              "context": null,
              "code": "const studentAnswers = {\n  q1: 'a',\n  q3: 'c',\n  q2: 'b',\n};\nconst correctAnswers = {\n  q1: 'a',\n  q2: 'b',\n  q3: 'c',\n};\nexpect(checkStudentKnowledge(studentAnswers, correctAnswers)).to.be.false;",
              "err": {},
              "uuid": "1c0219dd-605f-42df-bb02-ed8247f1bfae",
              "parentUUID": "9b3862c1-08af-496b-b5af-33e331d4e474",
              "isHook": false,
              "skipped": false
            },
            {
              "title": "should return false if the number of answers is different",
              "fullTitle": "checkStudentKnowledge should return false if the number of answers is different",
              "timedOut": false,
              "duration": 0,
              "state": "passed",
              "speed": "fast",
              "pass": true,
              "fail": false,
              "pending": false,
              "context": null,
              "code": "const studentAnswers = {\n  q1: 'a',\n  q2: 'b',\n};\nconst correctAnswers = {\n  q1: 'a',\n  q2: 'b',\n  q3: 'c',\n};\nexpect(checkStudentKnowledge(studentAnswers, correctAnswers)).to.be.false;",
              "err": {},
              "uuid": "d798362d-7937-4063-8ee3-db87918062d5",
              "parentUUID": "9b3862c1-08af-496b-b5af-33e331d4e474",
              "isHook": false,
              "skipped": false
            },
            {
              "title": "should return true for empty objects",
              "fullTitle": "checkStudentKnowledge should return true for empty objects",
              "timedOut": false,
              "duration": 0,
              "state": "passed",
              "speed": "fast",
              "pass": true,
              "fail": false,
              "pending": false,
              "context": null,
              "code": "expect(checkStudentKnowledge({}, {})).to.be.true;",
              "err": {},
              "uuid": "65738779-ef9d-4374-a704-7638bec76562",
              "parentUUID": "9b3862c1-08af-496b-b5af-33e331d4e474",
              "isHook": false,
              "skipped": false
            }
          ],
          "suites": [],
          "passes": [
            "2d7bcd0f-6768-4d01-891a-26e80082015b",
            "a371d80b-6019-44c9-82ab-896cd8b1ea66",
            "1c0219dd-605f-42df-bb02-ed8247f1bfae",
            "d798362d-7937-4063-8ee3-db87918062d5",
            "65738779-ef9d-4374-a704-7638bec76562"
          ],
          "failures": [],
          "pending": [],
          "skipped": [],
          "duration": 1,
          "root": false,
          "rootEmpty": false,
          "_timeout": 2000
        },
        {
          "uuid": "915e9206-9634-48f8-be99-456283fffb2f",
          "title": "User Utils",
          "fullFile": "/Users/sofya/Desktop/all/auto-testing/auto-testing-repo/test/usersListUtils.test.js",
          "file": "/test/usersListUtils.test.js",
          "beforeHooks": [],
          "afterHooks": [],
          "tests": [],
          "suites": [
            {
              "uuid": "0d80eb50-b5ee-4475-801d-e622527072f3",
              "title": "filterUsersByAge",
              "fullFile": "/Users/sofya/Desktop/all/auto-testing/auto-testing-repo/test/usersListUtils.test.js",
              "file": "/test/usersListUtils.test.js",
              "beforeHooks": [],
              "afterHooks": [],
              "tests": [
                {
                  "title": "should return users within age range",
                  "fullTitle": "User Utils filterUsersByAge should return users within age range",
                  "timedOut": false,
                  "duration": 0,
                  "state": "passed",
                  "speed": "fast",
                  "pass": true,
                  "fail": false,
                  "pending": false,
                  "context": null,
                  "code": "const result = filterUsersByAge(users, 25, 35);\nexpect(result).to.deep.equal([\n  { id: 2, name: 'Ivan', age: 27, email: 'ivan@example.com' },\n  { id: 3, name: 'Dan', age: 30, email: 'dan@example.com' },\n  { id: 4, name: 'Anna', age: 32, email: 'anna@example.com' },\n]);",
                  "err": {},
                  "uuid": "53ac216e-dadc-446b-b991-44b183cbaf0f",
                  "parentUUID": "0d80eb50-b5ee-4475-801d-e622527072f3",
                  "isHook": false,
                  "skipped": false
                },
                {
                  "title": "should return an empty array if no users in range",
                  "fullTitle": "User Utils filterUsersByAge should return an empty array if no users in range",
                  "timedOut": false,
                  "duration": 0,
                  "state": "passed",
                  "speed": "fast",
                  "pass": true,
                  "fail": false,
                  "pending": false,
                  "context": null,
                  "code": "const result = filterUsersByAge(users, 40, 50);\nexpect(result).to.deep.equal([]);",
                  "err": {},
                  "uuid": "9918290c-df14-4dc5-b786-3fcd98d1ed54",
                  "parentUUID": "0d80eb50-b5ee-4475-801d-e622527072f3",
                  "isHook": false,
                  "skipped": false
                },
                {
                  "title": "should throw error if input is not an array",
                  "fullTitle": "User Utils filterUsersByAge should throw error if input is not an array",
                  "timedOut": false,
                  "duration": 0,
                  "state": "passed",
                  "speed": "fast",
                  "pass": true,
                  "fail": false,
                  "pending": false,
                  "context": null,
                  "code": "expect(() => filterUsersByAge('not an array', 20, 30)).to.throw('Users must be an array');",
                  "err": {},
                  "uuid": "5f86239f-bc97-40c9-92fd-382ef4bb63c8",
                  "parentUUID": "0d80eb50-b5ee-4475-801d-e622527072f3",
                  "isHook": false,
                  "skipped": false
                }
              ],
              "suites": [],
              "passes": [
                "53ac216e-dadc-446b-b991-44b183cbaf0f",
                "9918290c-df14-4dc5-b786-3fcd98d1ed54",
                "5f86239f-bc97-40c9-92fd-382ef4bb63c8"
              ],
              "failures": [],
              "pending": [],
              "skipped": [],
              "duration": 0,
              "root": false,
              "rootEmpty": false,
              "_timeout": 2000
            },
            {
              "uuid": "8ab942d6-f20c-45a7-b12f-143643a0f260",
              "title": "sortUsersByName",
              "fullFile": "/Users/sofya/Desktop/all/auto-testing/auto-testing-repo/test/usersListUtils.test.js",
              "file": "/test/usersListUtils.test.js",
              "beforeHooks": [],
              "afterHooks": [],
              "tests": [
                {
                  "title": "should return users sorted alphabetically by name",
                  "fullTitle": "User Utils sortUsersByName should return users sorted alphabetically by name",
                  "timedOut": false,
                  "duration": 6,
                  "state": "passed",
                  "speed": "fast",
                  "pass": true,
                  "fail": false,
                  "pending": false,
                  "context": null,
                  "code": "const result = sortUsersByName(users);\nexpect(result).to.deep.equal([\n  { id: 1, name: 'Alex', age: 20, email: 'alex@example.com' },\n  { id: 4, name: 'Anna', age: 32, email: 'anna@example.com' },\n  { id: 3, name: 'Dan', age: 30, email: 'dan@example.com' },\n  { id: 2, name: 'Ivan', age: 27, email: 'ivan@example.com' },\n]);",
                  "err": {},
                  "uuid": "12b95f1d-0450-4049-b116-139766836abf",
                  "parentUUID": "8ab942d6-f20c-45a7-b12f-143643a0f260",
                  "isHook": false,
                  "skipped": false
                },
                {
                  "title": "should throw error if input is not an array",
                  "fullTitle": "User Utils sortUsersByName should throw error if input is not an array",
                  "timedOut": false,
                  "duration": 0,
                  "state": "passed",
                  "speed": "fast",
                  "pass": true,
                  "fail": false,
                  "pending": false,
                  "context": null,
                  "code": "expect(() => sortUsersByName(null)).to.throw('Users must be an array');",
                  "err": {},
                  "uuid": "6843ece4-6de0-4489-ac90-9295c54f26c8",
                  "parentUUID": "8ab942d6-f20c-45a7-b12f-143643a0f260",
                  "isHook": false,
                  "skipped": false
                }
              ],
              "suites": [],
              "passes": [
                "12b95f1d-0450-4049-b116-139766836abf",
                "6843ece4-6de0-4489-ac90-9295c54f26c8"
              ],
              "failures": [],
              "pending": [],
              "skipped": [],
              "duration": 6,
              "root": false,
              "rootEmpty": false,
              "_timeout": 2000
            },
            {
              "uuid": "417677f0-c999-4add-a34b-9ba6687f3c12",
              "title": "findUserById",
              "fullFile": "/Users/sofya/Desktop/all/auto-testing/auto-testing-repo/test/usersListUtils.test.js",
              "file": "/test/usersListUtils.test.js",
              "beforeHooks": [],
              "afterHooks": [],
              "tests": [
                {
                  "title": "should return the correct user by id",
                  "fullTitle": "User Utils findUserById should return the correct user by id",
                  "timedOut": false,
                  "duration": 0,
                  "state": "passed",
                  "speed": "fast",
                  "pass": true,
                  "fail": false,
                  "pending": false,
                  "context": null,
                  "code": "const result = findUserById(users, 3);\nexpect(result).to.deep.equal({ id: 3, name: 'Dan', age: 30, email: 'dan@example.com' });",
                  "err": {},
                  "uuid": "e0bc5019-6049-4420-ab3c-930335b40684",
                  "parentUUID": "417677f0-c999-4add-a34b-9ba6687f3c12",
                  "isHook": false,
                  "skipped": false
                },
                {
                  "title": "should return null if user is not found",
                  "fullTitle": "User Utils findUserById should return null if user is not found",
                  "timedOut": false,
                  "duration": 0,
                  "state": "passed",
                  "speed": "fast",
                  "pass": true,
                  "fail": false,
                  "pending": false,
                  "context": null,
                  "code": "const result = findUserById(users, 99);\nexpect(result).to.be.null;",
                  "err": {},
                  "uuid": "83430cdf-fb62-444b-8e95-35db37243f56",
                  "parentUUID": "417677f0-c999-4add-a34b-9ba6687f3c12",
                  "isHook": false,
                  "skipped": false
                },
                {
                  "title": "should throw error if input is not an array",
                  "fullTitle": "User Utils findUserById should throw error if input is not an array",
                  "timedOut": false,
                  "duration": 0,
                  "state": "passed",
                  "speed": "fast",
                  "pass": true,
                  "fail": false,
                  "pending": false,
                  "context": null,
                  "code": "expect(() => findUserById({}, 1)).to.throw('Users must be an array');",
                  "err": {},
                  "uuid": "b01d7fd0-185f-4315-aef6-2dcb4b12b33e",
                  "parentUUID": "417677f0-c999-4add-a34b-9ba6687f3c12",
                  "isHook": false,
                  "skipped": false
                }
              ],
              "suites": [],
              "passes": [
                "e0bc5019-6049-4420-ab3c-930335b40684",
                "83430cdf-fb62-444b-8e95-35db37243f56",
                "b01d7fd0-185f-4315-aef6-2dcb4b12b33e"
              ],
              "failures": [],
              "pending": [],
              "skipped": [],
              "duration": 0,
              "root": false,
              "rootEmpty": false,
              "_timeout": 2000
            },
            {
              "uuid": "17695670-1a5f-4452-adc1-e8e225893189",
              "title": "isEmailTaken",
              "fullFile": "/Users/sofya/Desktop/all/auto-testing/auto-testing-repo/test/usersListUtils.test.js",
              "file": "/test/usersListUtils.test.js",
              "beforeHooks": [],
              "afterHooks": [],
              "tests": [
                {
                  "title": "should return true if email exists in the list",
                  "fullTitle": "User Utils isEmailTaken should return true if email exists in the list",
                  "timedOut": false,
                  "duration": 0,
                  "state": "passed",
                  "speed": "fast",
                  "pass": true,
                  "fail": false,
                  "pending": false,
                  "context": null,
                  "code": "const result = isEmailTaken(users, 'ivan@example.com');\nexpect(result).to.be.true;",
                  "err": {},
                  "uuid": "0e031f48-6d4a-4106-8b6d-75fb71072477",
                  "parentUUID": "17695670-1a5f-4452-adc1-e8e225893189",
                  "isHook": false,
                  "skipped": false
                },
                {
                  "title": "should return false if email does not exist",
                  "fullTitle": "User Utils isEmailTaken should return false if email does not exist",
                  "timedOut": false,
                  "duration": 0,
                  "state": "passed",
                  "speed": "fast",
                  "pass": true,
                  "fail": false,
                  "pending": false,
                  "context": null,
                  "code": "const result = isEmailTaken(users, 'nobody@example.com');\nexpect(result).to.be.false;",
                  "err": {},
                  "uuid": "927a8a14-f093-40e9-8d3a-1f24c13135f9",
                  "parentUUID": "17695670-1a5f-4452-adc1-e8e225893189",
                  "isHook": false,
                  "skipped": false
                },
                {
                  "title": "should throw error if input is not an array",
                  "fullTitle": "User Utils isEmailTaken should throw error if input is not an array",
                  "timedOut": false,
                  "duration": 0,
                  "state": "passed",
                  "speed": "fast",
                  "pass": true,
                  "fail": false,
                  "pending": false,
                  "context": null,
                  "code": "expect(() => isEmailTaken('nope', 'email@example.com')).to.throw('Users must be an array');",
                  "err": {},
                  "uuid": "476e3764-3a2f-483e-9c55-cbb0a6a2542d",
                  "parentUUID": "17695670-1a5f-4452-adc1-e8e225893189",
                  "isHook": false,
                  "skipped": false
                }
              ],
              "suites": [],
              "passes": [
                "0e031f48-6d4a-4106-8b6d-75fb71072477",
                "927a8a14-f093-40e9-8d3a-1f24c13135f9",
                "476e3764-3a2f-483e-9c55-cbb0a6a2542d"
              ],
              "failures": [],
              "pending": [],
              "skipped": [],
              "duration": 0,
              "root": false,
              "rootEmpty": false,
              "_timeout": 2000
            }
          ],
          "passes": [],
          "failures": [],
          "pending": [],
          "skipped": [],
          "duration": 0,
          "root": false,
          "rootEmpty": false,
          "_timeout": 2000
        }
      ],
      "passes": [],
      "failures": [],
      "pending": [],
      "skipped": [],
      "duration": 0,
      "root": true,
      "rootEmpty": true,
      "_timeout": 2000
    }
  ],
  "meta": {
    "mocha": {
      "version": "11.1.0"
    },
    "mochawesome": {
      "options": {
        "quiet": false,
        "reportFilename": "test-report",
        "saveHtml": true,
        "saveJson": true,
        "consoleReporter": "spec",
        "useInlineDiffs": false,
        "code": true
      },
      "version": "7.1.3"
    },
    "marge": {
      "options": {
        "reportDir": "reports",
        "reportFilename": "test-report",
        "html": "true"
      },
      "version": "6.2.0"
    }
  }
}